2013-09-29 21:46:32,996 [Worker-1] INFO  o.e.m.c.i.l.LifecycleMappingFactory - Using org.eclipse.m2e.jdt.JarLifecycleMapping lifecycle mapping for MavenProject: edu.sjsu.cmpe:dropwizard-project:0.0.1-SNAPSHOT @ C:\Users\Shweta\Desktop\SJSU\CMPE 273\project\dropwizard-project\dropwizard-project\pom.xml.
2013-09-29 21:46:58,834 [Worker-2] INFO  o.e.m.c.i.l.LifecycleMappingFactory - Using org.eclipse.m2e.jdt.JarLifecycleMapping lifecycle mapping for MavenProject: edu.sjsu.cmpe:dropwizard-project:0.0.1-SNAPSHOT @ C:\Users\Shweta\Desktop\SJSU\CMPE 273\project\dropwizard-project\dropwizard-project\pom.xml.
2013-09-29 21:46:58,840 [Worker-1] INFO  o.e.m.j.i.AbstractJavaProjectConfigurator - Adding source folder /dropwizard-project/src/main/java
2013-09-29 21:46:58,842 [Worker-1] INFO  o.e.m.j.i.AbstractJavaProjectConfigurator - Adding source folder /dropwizard-project/src/test/java
2013-09-29 21:47:00,667 [Worker-1] INFO  o.e.m.c.i.p.ProjectConfigurationManager - Project import completed 28 sec
2013-09-29 21:47:07,613 [Worker-13] INFO  o.e.m.c.i.p.ProjectConfigurationManager - Update started
2013-09-29 21:47:07,614 [Worker-13] INFO  o.e.m.c.i.p.ProjectConfigurationManager - Update completed: 0 sec
2013-09-29 21:47:09,359 [Worker-12] INFO  o.e.m.c.i.l.LifecycleMappingFactory - Using org.eclipse.m2e.jdt.JarLifecycleMapping lifecycle mapping for MavenProject: edu.sjsu.cmpe:dropwizard-project:0.0.1-SNAPSHOT @ C:\Users\Shweta\Desktop\SJSU\CMPE 273\project\dropwizard-project\dropwizard-project\pom.xml.
2013-09-29 21:47:11,081 [Worker-13] INFO  o.e.m.c.i.l.LifecycleMappingFactory - Using org.eclipse.m2e.jdt.JarLifecycleMapping lifecycle mapping for MavenProject: edu.sjsu.cmpe:dropwizard-project:0.0.1-SNAPSHOT @ C:\Users\Shweta\Desktop\SJSU\CMPE 273\project\dropwizard-project\dropwizard-project\pom.xml.
2013-09-29 21:47:18,134 [Worker-13] INFO  o.e.m.c.i.embedder.EclipseLogger - Using 'UTF-8' encoding to copy filtered resources.
2013-09-29 21:47:18,135 [Worker-13] INFO  o.e.m.c.i.embedder.EclipseLogger - skip non existing resourceDirectory C:\Users\Shweta\Desktop\SJSU\CMPE 273\project\dropwizard-project\dropwizard-project\src\main\resources
2013-09-29 21:47:18,140 [Worker-13] INFO  o.e.m.c.i.embedder.EclipseLogger - Using 'UTF-8' encoding to copy filtered resources.
2013-09-29 21:47:18,141 [Worker-13] INFO  o.e.m.c.i.embedder.EclipseLogger - skip non existing resourceDirectory C:\Users\Shweta\Desktop\SJSU\CMPE 273\project\dropwizard-project\dropwizard-project\src\test\resources
2013-09-29 21:47:19,320 [Worker-2] INFO  o.e.m.c.i.l.LifecycleMappingFactory - Using org.eclipse.m2e.jdt.JarLifecycleMapping lifecycle mapping for MavenProject: edu.sjsu.cmpe:dropwizard-project:0.0.1-SNAPSHOT @ C:\Users\Shweta\Desktop\SJSU\CMPE 273\project\dropwizard-project\dropwizard-project\pom.xml.
2013-09-29 21:47:20,811 [Worker-11] INFO  o.e.m.c.i.embedder.EclipseLogger - Using 'UTF-8' encoding to copy filtered resources.
2013-09-29 21:47:20,813 [Worker-11] INFO  o.e.m.c.i.embedder.EclipseLogger - skip non existing resourceDirectory C:\Users\Shweta\Desktop\SJSU\CMPE 273\project\dropwizard-project\dropwizard-project\src\main\resources
2013-09-29 21:47:20,819 [Worker-11] INFO  o.e.m.c.i.embedder.EclipseLogger - Using 'UTF-8' encoding to copy filtered resources.
2013-09-29 21:47:20,819 [Worker-11] INFO  o.e.m.c.i.embedder.EclipseLogger - skip non existing resourceDirectory C:\Users\Shweta\Desktop\SJSU\CMPE 273\project\dropwizard-project\dropwizard-project\src\test\resources
2013-09-29 21:56:16,456 [Worker-7] INFO  o.e.m.c.i.embedder.EclipseLogger - Using 'UTF-8' encoding to copy filtered resources.
2013-09-29 21:56:16,458 [Worker-7] INFO  o.e.m.c.i.embedder.EclipseLogger - skip non existing resourceDirectory C:\Users\Shweta\Desktop\SJSU\CMPE 273\project\dropwizard-project\dropwizard-project\src\main\resources
2013-09-29 21:56:16,462 [Worker-7] INFO  o.e.m.c.i.embedder.EclipseLogger - Using 'UTF-8' encoding to copy filtered resources.
2013-09-29 21:56:16,463 [Worker-7] INFO  o.e.m.c.i.embedder.EclipseLogger - skip non existing resourceDirectory C:\Users\Shweta\Desktop\SJSU\CMPE 273\project\dropwizard-project\dropwizard-project\src\test\resources
2013-09-29 21:56:18,891 [Worker-1] INFO  o.e.m.c.i.embedder.EclipseLogger - Using 'UTF-8' encoding to copy filtered resources.
2013-09-29 21:56:18,892 [Worker-1] INFO  o.e.m.c.i.embedder.EclipseLogger - skip non existing resourceDirectory C:\Users\Shweta\Desktop\SJSU\CMPE 273\project\dropwizard-project\dropwizard-project\src\main\resources
2013-09-29 21:56:18,894 [Worker-1] INFO  o.e.m.c.i.embedder.EclipseLogger - Using 'UTF-8' encoding to copy filtered resources.
2013-09-29 21:56:18,894 [Worker-1] INFO  o.e.m.c.i.embedder.EclipseLogger - skip non existing resourceDirectory C:\Users\Shweta\Desktop\SJSU\CMPE 273\project\dropwizard-project\dropwizard-project\src\test\resources
2013-09-29 22:01:41,265 [Worker-0] INFO  o.e.m.c.i.embedder.EclipseLogger - Using 'UTF-8' encoding to copy filtered resources.
2013-09-29 22:01:41,265 [Worker-0] INFO  o.e.m.c.i.embedder.EclipseLogger - skip non existing resourceDirectory C:\Users\Shweta\Desktop\SJSU\CMPE 273\project\dropwizard-project\dropwizard-project\src\main\resources
2013-09-29 22:01:41,267 [Worker-0] INFO  o.e.m.c.i.embedder.EclipseLogger - Using 'UTF-8' encoding to copy filtered resources.
2013-09-29 22:01:41,268 [Worker-0] INFO  o.e.m.c.i.embedder.EclipseLogger - skip non existing resourceDirectory C:\Users\Shweta\Desktop\SJSU\CMPE 273\project\dropwizard-project\dropwizard-project\src\test\resources
2013-09-29 22:01:49,280 [Worker-12] INFO  o.e.m.c.i.embedder.EclipseLogger - Using 'UTF-8' encoding to copy filtered resources.
2013-09-29 22:01:49,281 [Worker-12] INFO  o.e.m.c.i.embedder.EclipseLogger - skip non existing resourceDirectory C:\Users\Shweta\Desktop\SJSU\CMPE 273\project\dropwizard-project\dropwizard-project\src\main\resources
2013-09-29 22:01:49,283 [Worker-12] INFO  o.e.m.c.i.embedder.EclipseLogger - Using 'UTF-8' encoding to copy filtered resources.
2013-09-29 22:01:49,284 [Worker-12] INFO  o.e.m.c.i.embedder.EclipseLogger - skip non existing resourceDirectory C:\Users\Shweta\Desktop\SJSU\CMPE 273\project\dropwizard-project\dropwizard-project\src\test\resources
2013-09-29 22:02:11,979 [Worker-1] INFO  o.e.m.c.i.embedder.EclipseLogger - Using 'UTF-8' encoding to copy filtered resources.
2013-09-29 22:02:11,979 [Worker-1] INFO  o.e.m.c.i.embedder.EclipseLogger - skip non existing resourceDirectory C:\Users\Shweta\Desktop\SJSU\CMPE 273\project\dropwizard-project\dropwizard-project\src\main\resources
2013-09-29 22:02:11,982 [Worker-1] INFO  o.e.m.c.i.embedder.EclipseLogger - Using 'UTF-8' encoding to copy filtered resources.
2013-09-29 22:02:11,983 [Worker-1] INFO  o.e.m.c.i.embedder.EclipseLogger - skip non existing resourceDirectory C:\Users\Shweta\Desktop\SJSU\CMPE 273\project\dropwizard-project\dropwizard-project\src\test\resources
2013-09-29 22:03:06,111 [Worker-0] INFO  o.e.m.c.i.embedder.EclipseLogger - Using 'UTF-8' encoding to copy filtered resources.
2013-09-29 22:03:06,112 [Worker-0] INFO  o.e.m.c.i.embedder.EclipseLogger - skip non existing resourceDirectory C:\Users\Shweta\Desktop\SJSU\CMPE 273\project\dropwizard-project\dropwizard-project\src\main\resources
2013-09-29 22:03:06,117 [Worker-0] INFO  o.e.m.c.i.embedder.EclipseLogger - Using 'UTF-8' encoding to copy filtered resources.
2013-09-29 22:03:06,117 [Worker-0] INFO  o.e.m.c.i.embedder.EclipseLogger - skip non existing resourceDirectory C:\Users\Shweta\Desktop\SJSU\CMPE 273\project\dropwizard-project\dropwizard-project\src\test\resources
2013-09-29 22:03:22,800 [Worker-0] INFO  o.e.m.c.i.embedder.EclipseLogger - Using 'UTF-8' encoding to copy filtered resources.
2013-09-29 22:03:22,800 [Worker-0] INFO  o.e.m.c.i.embedder.EclipseLogger - skip non existing resourceDirectory C:\Users\Shweta\Desktop\SJSU\CMPE 273\project\dropwizard-project\dropwizard-project\src\main\resources
2013-09-29 22:03:22,803 [Worker-0] INFO  o.e.m.c.i.embedder.EclipseLogger - Using 'UTF-8' encoding to copy filtered resources.
2013-09-29 22:03:22,803 [Worker-0] INFO  o.e.m.c.i.embedder.EclipseLogger - skip non existing resourceDirectory C:\Users\Shweta\Desktop\SJSU\CMPE 273\project\dropwizard-project\dropwizard-project\src\test\resources
2013-09-29 22:04:52,099 [Worker-1] INFO  o.e.m.c.i.embedder.EclipseLogger - Using 'UTF-8' encoding to copy filtered resources.
2013-09-29 22:04:52,099 [Worker-1] INFO  o.e.m.c.i.embedder.EclipseLogger - skip non existing resourceDirectory C:\Users\Shweta\Desktop\SJSU\CMPE 273\project\dropwizard-project\dropwizard-project\src\main\resources
2013-09-29 22:04:52,103 [Worker-1] INFO  o.e.m.c.i.embedder.EclipseLogger - Using 'UTF-8' encoding to copy filtered resources.
2013-09-29 22:04:52,103 [Worker-1] INFO  o.e.m.c.i.embedder.EclipseLogger - skip non existing resourceDirectory C:\Users\Shweta\Desktop\SJSU\CMPE 273\project\dropwizard-project\dropwizard-project\src\test\resources
2013-09-29 22:06:17,310 [Worker-14] INFO  o.e.m.c.i.embedder.EclipseLogger - Using 'UTF-8' encoding to copy filtered resources.
2013-09-29 22:06:17,311 [Worker-14] INFO  o.e.m.c.i.embedder.EclipseLogger - skip non existing resourceDirectory C:\Users\Shweta\Desktop\SJSU\CMPE 273\project\dropwizard-project\dropwizard-project\src\main\resources
2013-09-29 22:06:17,313 [Worker-14] INFO  o.e.m.c.i.embedder.EclipseLogger - Using 'UTF-8' encoding to copy filtered resources.
2013-09-29 22:06:17,314 [Worker-14] INFO  o.e.m.c.i.embedder.EclipseLogger - skip non existing resourceDirectory C:\Users\Shweta\Desktop\SJSU\CMPE 273\project\dropwizard-project\dropwizard-project\src\test\resources
2013-09-29 22:10:47,234 [Worker-0] INFO  o.e.m.c.i.l.LifecycleMappingFactory - Using org.eclipse.m2e.jdt.JarLifecycleMapping lifecycle mapping for MavenProject: edu.sjsu.cmpe:dropwizard-project:0.0.1-SNAPSHOT @ C:\Users\Shweta\Desktop\SJSU\CMPE 273\project\dropwizard-project\dropwizard-project\pom.xml.
2013-09-29 22:10:48,012 [Worker-0] INFO  o.e.m.j.i.AbstractJavaProjectConfigurator - Adding source folder /dropwizard-project/src/main/java
2013-09-29 22:10:48,013 [Worker-0] INFO  o.e.m.j.i.AbstractJavaProjectConfigurator - Adding source folder /dropwizard-project/src/test/java
2013-09-29 22:10:48,283 [Worker-14] INFO  o.e.m.c.i.l.LifecycleMappingFactory - Using org.eclipse.m2e.jdt.JarLifecycleMapping lifecycle mapping for MavenProject: edu.sjsu.cmpe:dropwizard-project:0.0.1-SNAPSHOT @ C:\Users\Shweta\Desktop\SJSU\CMPE 273\project\dropwizard-project\dropwizard-project\pom.xml.
2013-09-29 22:10:48,400 [Worker-0] INFO  o.e.m.c.i.p.ProjectConfigurationManager - Project import completed 1 sec
2013-09-29 22:10:49,104 [Worker-14] INFO  o.e.m.c.i.p.ProjectConfigurationManager - Update started
2013-09-29 22:10:49,105 [Worker-14] INFO  o.e.m.c.i.p.ProjectConfigurationManager - Update completed: 0 sec
2013-09-29 22:10:49,568 [Worker-0] INFO  o.e.m.c.i.embedder.EclipseLogger - Using 'UTF-8' encoding to copy filtered resources.
2013-09-29 22:10:49,569 [Worker-0] INFO  o.e.m.c.i.embedder.EclipseLogger - skip non existing resourceDirectory C:\Users\Shweta\Desktop\SJSU\CMPE 273\project\dropwizard-project\dropwizard-project\src\main\resources
2013-09-29 22:10:49,572 [Worker-0] INFO  o.e.m.c.i.embedder.EclipseLogger - Using 'UTF-8' encoding to copy filtered resources.
2013-09-29 22:10:49,573 [Worker-0] INFO  o.e.m.c.i.embedder.EclipseLogger - skip non existing resourceDirectory C:\Users\Shweta\Desktop\SJSU\CMPE 273\project\dropwizard-project\dropwizard-project\src\test\resources
2013-09-29 22:10:50,266 [Worker-14] INFO  o.e.m.c.i.l.LifecycleMappingFactory - Using org.eclipse.m2e.jdt.JarLifecycleMapping lifecycle mapping for MavenProject: edu.sjsu.cmpe:dropwizard-project:0.0.1-SNAPSHOT @ C:\Users\Shweta\Desktop\SJSU\CMPE 273\project\dropwizard-project\dropwizard-project\pom.xml.
2013-09-29 22:10:51,892 [Worker-0] INFO  o.e.m.c.i.embedder.EclipseLogger - Using 'UTF-8' encoding to copy filtered resources.
2013-09-29 22:10:51,893 [Worker-0] INFO  o.e.m.c.i.embedder.EclipseLogger - skip non existing resourceDirectory C:\Users\Shweta\Desktop\SJSU\CMPE 273\project\dropwizard-project\dropwizard-project\src\main\resources
2013-09-29 22:10:51,895 [Worker-0] INFO  o.e.m.c.i.embedder.EclipseLogger - Using 'UTF-8' encoding to copy filtered resources.
2013-09-29 22:10:51,895 [Worker-0] INFO  o.e.m.c.i.embedder.EclipseLogger - skip non existing resourceDirectory C:\Users\Shweta\Desktop\SJSU\CMPE 273\project\dropwizard-project\dropwizard-project\src\test\resources
2013-09-29 22:19:36,331 [Worker-0] INFO  o.e.m.c.i.embedder.EclipseLogger - Using 'UTF-8' encoding to copy filtered resources.
2013-09-29 22:19:36,331 [Worker-0] INFO  o.e.m.c.i.embedder.EclipseLogger - skip non existing resourceDirectory C:\Users\Shweta\Desktop\SJSU\CMPE 273\project\dropwizard-project\dropwizard-project\src\main\resources
2013-09-29 22:19:36,333 [Worker-0] INFO  o.e.m.c.i.embedder.EclipseLogger - Using 'UTF-8' encoding to copy filtered resources.
2013-09-29 22:19:36,334 [Worker-0] INFO  o.e.m.c.i.embedder.EclipseLogger - skip non existing resourceDirectory C:\Users\Shweta\Desktop\SJSU\CMPE 273\project\dropwizard-project\dropwizard-project\src\test\resources
2013-09-29 22:20:13,386 [Worker-0] INFO  o.e.m.c.i.embedder.EclipseLogger - Using 'UTF-8' encoding to copy filtered resources.
2013-09-29 22:20:13,386 [Worker-0] INFO  o.e.m.c.i.embedder.EclipseLogger - skip non existing resourceDirectory C:\Users\Shweta\Desktop\SJSU\CMPE 273\project\dropwizard-project\dropwizard-project\src\main\resources
2013-09-29 22:20:13,388 [Worker-0] INFO  o.e.m.c.i.embedder.EclipseLogger - Using 'UTF-8' encoding to copy filtered resources.
2013-09-29 22:20:13,389 [Worker-0] INFO  o.e.m.c.i.embedder.EclipseLogger - skip non existing resourceDirectory C:\Users\Shweta\Desktop\SJSU\CMPE 273\project\dropwizard-project\dropwizard-project\src\test\resources
2013-09-29 22:20:40,406 [Worker-0] INFO  o.e.m.c.i.embedder.EclipseLogger - Using 'UTF-8' encoding to copy filtered resources.
2013-09-29 22:20:40,407 [Worker-0] INFO  o.e.m.c.i.embedder.EclipseLogger - skip non existing resourceDirectory C:\Users\Shweta\Desktop\SJSU\CMPE 273\project\dropwizard-project\dropwizard-project\src\main\resources
2013-09-29 22:20:40,411 [Worker-0] INFO  o.e.m.c.i.embedder.EclipseLogger - Using 'UTF-8' encoding to copy filtered resources.
2013-09-29 22:20:40,412 [Worker-0] INFO  o.e.m.c.i.embedder.EclipseLogger - skip non existing resourceDirectory C:\Users\Shweta\Desktop\SJSU\CMPE 273\project\dropwizard-project\dropwizard-project\src\test\resources
2013-09-29 22:22:38,076 [Worker-0] INFO  o.e.m.c.i.embedder.EclipseLogger - Using 'UTF-8' encoding to copy filtered resources.
2013-09-29 22:22:38,077 [Worker-0] INFO  o.e.m.c.i.embedder.EclipseLogger - skip non existing resourceDirectory C:\Users\Shweta\Desktop\SJSU\CMPE 273\project\dropwizard-project\dropwizard-project\src\main\resources
2013-09-29 22:22:38,078 [Worker-0] INFO  o.e.m.c.i.embedder.EclipseLogger - Using 'UTF-8' encoding to copy filtered resources.
2013-09-29 22:22:38,079 [Worker-0] INFO  o.e.m.c.i.embedder.EclipseLogger - skip non existing resourceDirectory C:\Users\Shweta\Desktop\SJSU\CMPE 273\project\dropwizard-project\dropwizard-project\src\test\resources
2013-09-29 22:23:02,983 [Worker-0] INFO  o.e.m.c.i.embedder.EclipseLogger - Using 'UTF-8' encoding to copy filtered resources.
2013-09-29 22:23:02,983 [Worker-0] INFO  o.e.m.c.i.embedder.EclipseLogger - skip non existing resourceDirectory C:\Users\Shweta\Desktop\SJSU\CMPE 273\project\dropwizard-project\dropwizard-project\src\main\resources
2013-09-29 22:23:02,986 [Worker-0] INFO  o.e.m.c.i.embedder.EclipseLogger - Using 'UTF-8' encoding to copy filtered resources.
2013-09-29 22:23:02,986 [Worker-0] INFO  o.e.m.c.i.embedder.EclipseLogger - skip non existing resourceDirectory C:\Users\Shweta\Desktop\SJSU\CMPE 273\project\dropwizard-project\dropwizard-project\src\test\resources
2013-09-29 22:23:26,183 [Worker-20] INFO  o.e.m.c.i.embedder.EclipseLogger - Using 'UTF-8' encoding to copy filtered resources.
2013-09-29 22:23:26,184 [Worker-20] INFO  o.e.m.c.i.embedder.EclipseLogger - skip non existing resourceDirectory C:\Users\Shweta\Desktop\SJSU\CMPE 273\project\dropwizard-project\dropwizard-project\src\main\resources
2013-09-29 22:23:26,186 [Worker-20] INFO  o.e.m.c.i.embedder.EclipseLogger - Using 'UTF-8' encoding to copy filtered resources.
2013-09-29 22:23:26,187 [Worker-20] INFO  o.e.m.c.i.embedder.EclipseLogger - skip non existing resourceDirectory C:\Users\Shweta\Desktop\SJSU\CMPE 273\project\dropwizard-project\dropwizard-project\src\test\resources
2013-09-29 22:24:00,474 [Worker-7] INFO  o.e.m.c.i.embedder.EclipseLogger - Using 'UTF-8' encoding to copy filtered resources.
2013-09-29 22:24:00,474 [Worker-7] INFO  o.e.m.c.i.embedder.EclipseLogger - skip non existing resourceDirectory C:\Users\Shweta\Desktop\SJSU\CMPE 273\project\dropwizard-project\dropwizard-project\src\main\resources
2013-09-29 22:24:00,483 [Worker-7] INFO  o.e.m.c.i.embedder.EclipseLogger - Using 'UTF-8' encoding to copy filtered resources.
2013-09-29 22:24:00,489 [Worker-7] INFO  o.e.m.c.i.embedder.EclipseLogger - skip non existing resourceDirectory C:\Users\Shweta\Desktop\SJSU\CMPE 273\project\dropwizard-project\dropwizard-project\src\test\resources
2013-09-29 22:30:18,908 [Worker-25] INFO  o.e.m.c.i.embedder.EclipseLogger - Using 'UTF-8' encoding to copy filtered resources.
2013-09-29 22:30:18,909 [Worker-25] INFO  o.e.m.c.i.embedder.EclipseLogger - skip non existing resourceDirectory C:\Users\Shweta\Desktop\SJSU\CMPE 273\project\dropwizard-project\dropwizard-project\src\main\resources
2013-09-29 22:30:18,912 [Worker-25] INFO  o.e.m.c.i.embedder.EclipseLogger - Using 'UTF-8' encoding to copy filtered resources.
2013-09-29 22:30:18,912 [Worker-25] INFO  o.e.m.c.i.embedder.EclipseLogger - skip non existing resourceDirectory C:\Users\Shweta\Desktop\SJSU\CMPE 273\project\dropwizard-project\dropwizard-project\src\test\resources
2013-09-29 22:30:29,076 [Worker-21] INFO  o.e.m.c.i.embedder.EclipseLogger - Using 'UTF-8' encoding to copy filtered resources.
2013-09-29 22:30:29,077 [Worker-21] INFO  o.e.m.c.i.embedder.EclipseLogger - skip non existing resourceDirectory C:\Users\Shweta\Desktop\SJSU\CMPE 273\project\dropwizard-project\dropwizard-project\src\main\resources
2013-09-29 22:30:29,079 [Worker-21] INFO  o.e.m.c.i.embedder.EclipseLogger - Using 'UTF-8' encoding to copy filtered resources.
2013-09-29 22:30:29,080 [Worker-21] INFO  o.e.m.c.i.embedder.EclipseLogger - skip non existing resourceDirectory C:\Users\Shweta\Desktop\SJSU\CMPE 273\project\dropwizard-project\dropwizard-project\src\test\resources
2013-09-29 22:31:36,335 [Worker-23] INFO  o.e.m.c.i.embedder.EclipseLogger - Using 'UTF-8' encoding to copy filtered resources.
2013-09-29 22:31:36,335 [Worker-23] INFO  o.e.m.c.i.embedder.EclipseLogger - skip non existing resourceDirectory C:\Users\Shweta\Desktop\SJSU\CMPE 273\project\dropwizard-project\dropwizard-project\src\main\resources
2013-09-29 22:31:36,337 [Worker-23] INFO  o.e.m.c.i.embedder.EclipseLogger - Using 'UTF-8' encoding to copy filtered resources.
2013-09-29 22:31:36,337 [Worker-23] INFO  o.e.m.c.i.embedder.EclipseLogger - skip non existing resourceDirectory C:\Users\Shweta\Desktop\SJSU\CMPE 273\project\dropwizard-project\dropwizard-project\src\test\resources
2013-09-29 22:32:24,263 [Worker-26] INFO  o.e.m.c.i.embedder.EclipseLogger - Using 'UTF-8' encoding to copy filtered resources.
2013-09-29 22:32:24,263 [Worker-26] INFO  o.e.m.c.i.embedder.EclipseLogger - skip non existing resourceDirectory C:\Users\Shweta\Desktop\SJSU\CMPE 273\project\dropwizard-project\dropwizard-project\src\main\resources
2013-09-29 22:32:24,264 [Worker-26] INFO  o.e.m.c.i.embedder.EclipseLogger - Using 'UTF-8' encoding to copy filtered resources.
2013-09-29 22:32:24,265 [Worker-26] INFO  o.e.m.c.i.embedder.EclipseLogger - skip non existing resourceDirectory C:\Users\Shweta\Desktop\SJSU\CMPE 273\project\dropwizard-project\dropwizard-project\src\test\resources
2013-09-29 22:32:39,353 [Worker-7] INFO  o.e.m.c.i.embedder.EclipseLogger - Using 'UTF-8' encoding to copy filtered resources.
2013-09-29 22:32:39,354 [Worker-7] INFO  o.e.m.c.i.embedder.EclipseLogger - skip non existing resourceDirectory C:\Users\Shweta\Desktop\SJSU\CMPE 273\project\dropwizard-project\dropwizard-project\src\main\resources
2013-09-29 22:32:39,355 [Worker-7] INFO  o.e.m.c.i.embedder.EclipseLogger - Using 'UTF-8' encoding to copy filtered resources.
2013-09-29 22:32:39,355 [Worker-7] INFO  o.e.m.c.i.embedder.EclipseLogger - skip non existing resourceDirectory C:\Users\Shweta\Desktop\SJSU\CMPE 273\project\dropwizard-project\dropwizard-project\src\test\resources
2013-09-29 22:39:41,555 [Worker-25] INFO  o.e.m.c.i.embedder.EclipseLogger - Using 'UTF-8' encoding to copy filtered resources.
2013-09-29 22:39:41,556 [Worker-25] INFO  o.e.m.c.i.embedder.EclipseLogger - skip non existing resourceDirectory C:\Users\Shweta\Desktop\SJSU\CMPE 273\project\dropwizard-project\dropwizard-project\src\main\resources
2013-09-29 22:39:41,557 [Worker-25] INFO  o.e.m.c.i.embedder.EclipseLogger - Using 'UTF-8' encoding to copy filtered resources.
2013-09-29 22:39:41,558 [Worker-25] INFO  o.e.m.c.i.embedder.EclipseLogger - skip non existing resourceDirectory C:\Users\Shweta\Desktop\SJSU\CMPE 273\project\dropwizard-project\dropwizard-project\src\test\resources
2013-09-29 22:44:44,926 [Worker-28] INFO  o.e.m.c.i.embedder.EclipseLogger - Using 'UTF-8' encoding to copy filtered resources.
2013-09-29 22:44:44,926 [Worker-28] INFO  o.e.m.c.i.embedder.EclipseLogger - skip non existing resourceDirectory C:\Users\Shweta\Desktop\SJSU\CMPE 273\project\dropwizard-project\dropwizard-project\src\main\resources
2013-09-29 22:44:44,929 [Worker-28] INFO  o.e.m.c.i.embedder.EclipseLogger - Using 'UTF-8' encoding to copy filtered resources.
2013-09-29 22:44:44,929 [Worker-28] INFO  o.e.m.c.i.embedder.EclipseLogger - skip non existing resourceDirectory C:\Users\Shweta\Desktop\SJSU\CMPE 273\project\dropwizard-project\dropwizard-project\src\test\resources
2013-09-29 22:44:55,681 [Worker-27] INFO  o.e.m.c.i.embedder.EclipseLogger - Using 'UTF-8' encoding to copy filtered resources.
2013-09-29 22:44:55,681 [Worker-27] INFO  o.e.m.c.i.embedder.EclipseLogger - skip non existing resourceDirectory C:\Users\Shweta\Desktop\SJSU\CMPE 273\project\dropwizard-project\dropwizard-project\src\main\resources
2013-09-29 22:44:55,701 [Worker-27] INFO  o.e.m.c.i.embedder.EclipseLogger - Using 'UTF-8' encoding to copy filtered resources.
2013-09-29 22:44:55,702 [Worker-27] INFO  o.e.m.c.i.embedder.EclipseLogger - skip non existing resourceDirectory C:\Users\Shweta\Desktop\SJSU\CMPE 273\project\dropwizard-project\dropwizard-project\src\test\resources
2013-09-29 22:46:18,943 [Worker-23] INFO  o.e.m.c.i.embedder.EclipseLogger - Using 'UTF-8' encoding to copy filtered resources.
2013-09-29 22:46:18,943 [Worker-23] INFO  o.e.m.c.i.embedder.EclipseLogger - skip non existing resourceDirectory C:\Users\Shweta\Desktop\SJSU\CMPE 273\project\dropwizard-project\dropwizard-project\src\main\resources
2013-09-29 22:46:18,945 [Worker-23] INFO  o.e.m.c.i.embedder.EclipseLogger - Using 'UTF-8' encoding to copy filtered resources.
2013-09-29 22:46:18,946 [Worker-23] INFO  o.e.m.c.i.embedder.EclipseLogger - skip non existing resourceDirectory C:\Users\Shweta\Desktop\SJSU\CMPE 273\project\dropwizard-project\dropwizard-project\src\test\resources
2013-09-29 22:47:14,471 [Worker-29] INFO  o.e.m.c.i.embedder.EclipseLogger - Using 'UTF-8' encoding to copy filtered resources.
2013-09-29 22:47:14,471 [Worker-29] INFO  o.e.m.c.i.embedder.EclipseLogger - skip non existing resourceDirectory C:\Users\Shweta\Desktop\SJSU\CMPE 273\project\dropwizard-project\dropwizard-project\src\main\resources
2013-09-29 22:47:14,473 [Worker-29] INFO  o.e.m.c.i.embedder.EclipseLogger - Using 'UTF-8' encoding to copy filtered resources.
2013-09-29 22:47:14,474 [Worker-29] INFO  o.e.m.c.i.embedder.EclipseLogger - skip non existing resourceDirectory C:\Users\Shweta\Desktop\SJSU\CMPE 273\project\dropwizard-project\dropwizard-project\src\test\resources
2013-09-29 22:47:38,734 [Worker-27] INFO  o.e.m.c.i.embedder.EclipseLogger - Using 'UTF-8' encoding to copy filtered resources.
2013-09-29 22:47:38,734 [Worker-27] INFO  o.e.m.c.i.embedder.EclipseLogger - skip non existing resourceDirectory C:\Users\Shweta\Desktop\SJSU\CMPE 273\project\dropwizard-project\dropwizard-project\src\main\resources
2013-09-29 22:47:38,736 [Worker-27] INFO  o.e.m.c.i.embedder.EclipseLogger - Using 'UTF-8' encoding to copy filtered resources.
2013-09-29 22:47:38,737 [Worker-27] INFO  o.e.m.c.i.embedder.EclipseLogger - skip non existing resourceDirectory C:\Users\Shweta\Desktop\SJSU\CMPE 273\project\dropwizard-project\dropwizard-project\src\test\resources
2013-09-29 22:52:14,362 [Worker-28] INFO  o.e.m.c.i.embedder.EclipseLogger - Using 'UTF-8' encoding to copy filtered resources.
2013-09-29 22:52:14,362 [Worker-28] INFO  o.e.m.c.i.embedder.EclipseLogger - skip non existing resourceDirectory C:\Users\Shweta\Desktop\SJSU\CMPE 273\project\dropwizard-project\dropwizard-project\src\main\resources
2013-09-29 22:52:14,364 [Worker-28] INFO  o.e.m.c.i.embedder.EclipseLogger - Using 'UTF-8' encoding to copy filtered resources.
2013-09-29 22:52:14,365 [Worker-28] INFO  o.e.m.c.i.embedder.EclipseLogger - skip non existing resourceDirectory C:\Users\Shweta\Desktop\SJSU\CMPE 273\project\dropwizard-project\dropwizard-project\src\test\resources
2013-09-29 22:53:24,558 [Worker-29] INFO  o.e.m.c.i.embedder.EclipseLogger - Using 'UTF-8' encoding to copy filtered resources.
2013-09-29 22:53:24,558 [Worker-29] INFO  o.e.m.c.i.embedder.EclipseLogger - skip non existing resourceDirectory C:\Users\Shweta\Desktop\SJSU\CMPE 273\project\dropwizard-project\dropwizard-project\src\main\resources
2013-09-29 22:53:24,560 [Worker-29] INFO  o.e.m.c.i.embedder.EclipseLogger - Using 'UTF-8' encoding to copy filtered resources.
2013-09-29 22:53:24,561 [Worker-29] INFO  o.e.m.c.i.embedder.EclipseLogger - skip non existing resourceDirectory C:\Users\Shweta\Desktop\SJSU\CMPE 273\project\dropwizard-project\dropwizard-project\src\test\resources
2013-09-29 22:54:22,238 [Worker-27] INFO  o.e.m.c.i.embedder.EclipseLogger - Using 'UTF-8' encoding to copy filtered resources.
2013-09-29 22:54:22,240 [Worker-27] INFO  o.e.m.c.i.embedder.EclipseLogger - skip non existing resourceDirectory C:\Users\Shweta\Desktop\SJSU\CMPE 273\project\dropwizard-project\dropwizard-project\src\main\resources
2013-09-29 22:54:22,242 [Worker-27] INFO  o.e.m.c.i.embedder.EclipseLogger - Using 'UTF-8' encoding to copy filtered resources.
2013-09-29 22:54:22,243 [Worker-27] INFO  o.e.m.c.i.embedder.EclipseLogger - skip non existing resourceDirectory C:\Users\Shweta\Desktop\SJSU\CMPE 273\project\dropwizard-project\dropwizard-project\src\test\resources
2013-09-29 22:54:50,408 [Worker-27] INFO  o.e.m.c.i.embedder.EclipseLogger - Using 'UTF-8' encoding to copy filtered resources.
2013-09-29 22:54:50,408 [Worker-27] INFO  o.e.m.c.i.embedder.EclipseLogger - skip non existing resourceDirectory C:\Users\Shweta\Desktop\SJSU\CMPE 273\project\dropwizard-project\dropwizard-project\src\main\resources
2013-09-29 22:54:50,409 [Worker-27] INFO  o.e.m.c.i.embedder.EclipseLogger - Using 'UTF-8' encoding to copy filtered resources.
2013-09-29 22:54:50,410 [Worker-27] INFO  o.e.m.c.i.embedder.EclipseLogger - skip non existing resourceDirectory C:\Users\Shweta\Desktop\SJSU\CMPE 273\project\dropwizard-project\dropwizard-project\src\test\resources
2013-09-29 22:54:54,516 [Worker-29] INFO  o.e.m.c.i.embedder.EclipseLogger - Using 'UTF-8' encoding to copy filtered resources.
2013-09-29 22:54:54,517 [Worker-29] INFO  o.e.m.c.i.embedder.EclipseLogger - skip non existing resourceDirectory C:\Users\Shweta\Desktop\SJSU\CMPE 273\project\dropwizard-project\dropwizard-project\src\main\resources
2013-09-29 22:54:54,523 [Worker-29] INFO  o.e.m.c.i.embedder.EclipseLogger - Using 'UTF-8' encoding to copy filtered resources.
2013-09-29 22:54:54,524 [Worker-29] INFO  o.e.m.c.i.embedder.EclipseLogger - skip non existing resourceDirectory C:\Users\Shweta\Desktop\SJSU\CMPE 273\project\dropwizard-project\dropwizard-project\src\test\resources
2013-09-29 22:57:58,033 [Worker-25] INFO  o.e.m.c.i.embedder.EclipseLogger - Using 'UTF-8' encoding to copy filtered resources.
2013-09-29 22:57:58,034 [Worker-25] INFO  o.e.m.c.i.embedder.EclipseLogger - skip non existing resourceDirectory C:\Users\Shweta\Desktop\SJSU\CMPE 273\project\dropwizard-project\dropwizard-project\src\main\resources
2013-09-29 22:57:58,036 [Worker-25] INFO  o.e.m.c.i.embedder.EclipseLogger - Using 'UTF-8' encoding to copy filtered resources.
2013-09-29 22:57:58,037 [Worker-25] INFO  o.e.m.c.i.embedder.EclipseLogger - skip non existing resourceDirectory C:\Users\Shweta\Desktop\SJSU\CMPE 273\project\dropwizard-project\dropwizard-project\src\test\resources
2013-09-29 22:58:23,115 [Worker-27] INFO  o.e.m.c.i.embedder.EclipseLogger - Using 'UTF-8' encoding to copy filtered resources.
2013-09-29 22:58:23,115 [Worker-27] INFO  o.e.m.c.i.embedder.EclipseLogger - skip non existing resourceDirectory C:\Users\Shweta\Desktop\SJSU\CMPE 273\project\dropwizard-project\dropwizard-project\src\main\resources
2013-09-29 22:58:23,117 [Worker-27] INFO  o.e.m.c.i.embedder.EclipseLogger - Using 'UTF-8' encoding to copy filtered resources.
2013-09-29 22:58:23,117 [Worker-27] INFO  o.e.m.c.i.embedder.EclipseLogger - skip non existing resourceDirectory C:\Users\Shweta\Desktop\SJSU\CMPE 273\project\dropwizard-project\dropwizard-project\src\test\resources
2013-09-29 22:59:29,529 [Worker-25] INFO  o.e.m.c.i.embedder.EclipseLogger - Using 'UTF-8' encoding to copy filtered resources.
2013-09-29 22:59:29,530 [Worker-25] INFO  o.e.m.c.i.embedder.EclipseLogger - skip non existing resourceDirectory C:\Users\Shweta\Desktop\SJSU\CMPE 273\project\dropwizard-project\dropwizard-project\src\main\resources
2013-09-29 22:59:29,532 [Worker-25] INFO  o.e.m.c.i.embedder.EclipseLogger - Using 'UTF-8' encoding to copy filtered resources.
2013-09-29 22:59:29,532 [Worker-25] INFO  o.e.m.c.i.embedder.EclipseLogger - skip non existing resourceDirectory C:\Users\Shweta\Desktop\SJSU\CMPE 273\project\dropwizard-project\dropwizard-project\src\test\resources
2013-09-29 22:59:40,845 [Worker-25] INFO  o.e.m.c.i.embedder.EclipseLogger - Using 'UTF-8' encoding to copy filtered resources.
2013-09-29 22:59:40,845 [Worker-25] INFO  o.e.m.c.i.embedder.EclipseLogger - skip non existing resourceDirectory C:\Users\Shweta\Desktop\SJSU\CMPE 273\project\dropwizard-project\dropwizard-project\src\main\resources
2013-09-29 22:59:40,847 [Worker-25] INFO  o.e.m.c.i.embedder.EclipseLogger - Using 'UTF-8' encoding to copy filtered resources.
2013-09-29 22:59:40,847 [Worker-25] INFO  o.e.m.c.i.embedder.EclipseLogger - skip non existing resourceDirectory C:\Users\Shweta\Desktop\SJSU\CMPE 273\project\dropwizard-project\dropwizard-project\src\test\resources
2013-09-29 23:01:18,038 [Worker-25] INFO  o.e.m.c.i.embedder.EclipseLogger - Using 'UTF-8' encoding to copy filtered resources.
2013-09-29 23:01:18,038 [Worker-25] INFO  o.e.m.c.i.embedder.EclipseLogger - skip non existing resourceDirectory C:\Users\Shweta\Desktop\SJSU\CMPE 273\project\dropwizard-project\dropwizard-project\src\main\resources
2013-09-29 23:01:18,040 [Worker-25] INFO  o.e.m.c.i.embedder.EclipseLogger - Using 'UTF-8' encoding to copy filtered resources.
2013-09-29 23:01:18,041 [Worker-25] INFO  o.e.m.c.i.embedder.EclipseLogger - skip non existing resourceDirectory C:\Users\Shweta\Desktop\SJSU\CMPE 273\project\dropwizard-project\dropwizard-project\src\test\resources
